<?xml version="1.0" encoding="UTF-8"?>
<!-- Generated by org.testng.reporters.JUnitXMLReporter -->
<testsuite ignored="0" hostname="DESKTOP-JI9MKJU" failures="0" tests="3" name="Regression Test" time="44.517" errors="0" timestamp="2023-01-27T23:56:35 IST">
  <testcase classname="com.demoblaze.testlayer.LoginPageTest" name="verifyLoginTest" time="7.248"/>
  <testcase classname="com.demoblaze.testlayer.BuyFuctionalityTest" name="varify_Buying_FunctionalityWithLogin" time="11.513"/>
  <testcase classname="com.demoblaze.testlayer.BuyFuctionalityTest" name="varify_Buying_FunctionalityWithoutLogin" time="9.63"/>
</testsuite> <!-- Regression Test -->
